TN:
SF:integration\mockApp.js
FN:11,(anonymous_0)
FN:43,(anonymous_1)
FN:90,(anonymous_2)
FN:125,(anonymous_3)
FN:141,(anonymous_4)
FN:162,(anonymous_5)
FN:184,(anonymous_6)
FN:206,(anonymous_7)
FNF:8
FNH:8
FNDA:2,(anonymous_0)
FNDA:5,(anonymous_1)
FNDA:3,(anonymous_2)
FNDA:3,(anonymous_3)
FNDA:3,(anonymous_4)
FNDA:3,(anonymous_5)
FNDA:3,(anonymous_6)
FNDA:3,(anonymous_7)
DA:5,2
DA:6,2
DA:7,2
DA:8,2
DA:11,2
DA:12,2
DA:15,2
DA:16,2
DA:19,2
DA:39,2
DA:40,2
DA:43,2
DA:44,5
DA:45,5
DA:47,5
DA:48,1
DA:51,4
DA:52,1
DA:55,3
DA:57,3
DA:58,1
DA:61,2
DA:63,2
DA:64,1
DA:67,1
DA:73,1
DA:84,0
DA:85,0
DA:90,2
DA:91,3
DA:92,3
DA:94,3
DA:95,1
DA:98,2
DA:105,2
DA:106,1
DA:109,1
DA:119,0
DA:120,0
DA:125,2
DA:126,3
DA:128,3
DA:129,3
DA:130,1
DA:133,2
DA:134,1
DA:136,1
DA:137,1
DA:141,2
DA:142,3
DA:144,3
DA:145,3
DA:146,1
DA:149,2
DA:151,2
DA:152,1
DA:155,1
DA:157,0
DA:158,0
DA:162,2
DA:163,3
DA:165,3
DA:166,3
DA:167,1
DA:170,2
DA:172,2
DA:173,1
DA:176,1
DA:177,1
DA:179,0
DA:180,0
DA:184,2
DA:185,3
DA:187,3
DA:188,3
DA:189,1
DA:192,2
DA:194,2
DA:195,1
DA:198,1
DA:199,1
DA:201,0
DA:202,0
DA:206,2
DA:207,3
DA:209,3
DA:210,3
DA:211,1
DA:214,2
DA:216,2
DA:217,1
DA:220,1
DA:221,1
DA:223,0
DA:224,0
DA:228,2
DA:231,2
LF:97
LH:85
BRDA:47,0,0,1
BRDA:47,0,1,4
BRDA:51,1,0,1
BRDA:51,1,1,3
BRDA:57,2,0,1
BRDA:57,2,1,2
BRDA:63,3,0,1
BRDA:63,3,1,1
BRDA:94,4,0,1
BRDA:94,4,1,2
BRDA:105,5,0,1
BRDA:105,5,1,1
BRDA:129,6,0,1
BRDA:129,6,1,2
BRDA:129,7,0,3
BRDA:129,7,1,2
BRDA:145,8,0,1
BRDA:145,8,1,2
BRDA:145,9,0,3
BRDA:145,9,1,2
BRDA:151,10,0,1
BRDA:151,10,1,1
BRDA:166,11,0,1
BRDA:166,11,1,2
BRDA:166,12,0,3
BRDA:166,12,1,2
BRDA:172,13,0,1
BRDA:172,13,1,1
BRDA:188,14,0,1
BRDA:188,14,1,2
BRDA:188,15,0,3
BRDA:188,15,1,2
BRDA:194,16,0,1
BRDA:194,16,1,1
BRDA:210,17,0,1
BRDA:210,17,1,2
BRDA:210,18,0,3
BRDA:210,18,1,2
BRDA:216,19,0,1
BRDA:216,19,1,1
BRF:40
BRH:40
end_of_record
TN:
SF:mocks\data\activities.js
FNF:0
FNH:0
DA:5,8
DA:72,8
LF:2
LH:2
BRF:0
BRH:0
end_of_record
TN:
SF:mocks\data\companies.js
FNF:0
FNH:0
DA:5,8
DA:56,8
LF:2
LH:2
BRF:0
BRH:0
end_of_record
TN:
SF:mocks\data\contacts.js
FNF:0
FNH:0
DA:5,8
DA:80,8
LF:2
LH:2
BRF:0
BRH:0
end_of_record
TN:
SF:mocks\data\deals.js
FNF:0
FNH:0
DA:5,8
DA:56,8
LF:2
LH:2
BRF:0
BRH:0
end_of_record
TN:
SF:mocks\data\index.js
FNF:0
FNH:0
DA:5,8
DA:6,8
DA:7,8
DA:8,8
DA:9,8
DA:11,8
LF:6
LH:6
BRF:0
BRH:0
end_of_record
TN:
SF:mocks\data\users.js
FNF:0
FNH:0
DA:5,8
DA:54,8
LF:2
LH:2
BRF:0
BRH:0
end_of_record
TN:
SF:mocks\modules\bcrypt.js
FN:6,(anonymous_0)
FN:10,(anonymous_1)
FNF:2
FNH:1
FNDA:0,(anonymous_0)
FNDA:2,(anonymous_1)
DA:5,1
DA:8,0
DA:12,2
LF:3
LH:2
BRF:0
BRH:0
end_of_record
TN:
SF:mocks\modules\jsonwebtoken.js
FN:6,(anonymous_0)
FN:7,(anonymous_1)
FNF:2
FNH:1
FNDA:3,(anonymous_0)
FNDA:0,(anonymous_1)
DA:5,2
DA:6,3
DA:8,0
DA:9,0
DA:11,0
LF:5
LH:2
BRDA:8,0,0,0
BRDA:8,0,1,0
BRF:2
BRH:0
end_of_record
TN:
SF:mocks\modules\sequelize.js
FN:7,(anonymous_0)
FN:11,(anonymous_1)
FN:33,(anonymous_2)
FN:37,(anonymous_3)
FN:45,(anonymous_4)
FN:49,(anonymous_5)
FN:62,(anonymous_6)
FNF:7
FNH:5
FNDA:1,(anonymous_0)
FNDA:8,(anonymous_1)
FNDA:0,(anonymous_2)
FNDA:0,(anonymous_3)
FNDA:2,(anonymous_4)
FNDA:1,(anonymous_5)
FNDA:2,(anonymous_6)
DA:8,1
DA:12,8
DA:32,8
DA:34,0
DA:35,0
DA:38,0
DA:42,8
DA:46,2
DA:50,1
DA:55,1
DA:62,2
DA:65,1
LF:12
LH:9
BRDA:11,0,0,8
BRF:1
BRH:1
end_of_record
TN:
SF:mocks\services\emailService.js
FN:6,(anonymous_0)
FN:13,(anonymous_1)
FN:22,(anonymous_2)
FN:48,(anonymous_3)
FN:63,(anonymous_4)
FN:78,(anonymous_5)
FNF:6
FNH:2
FNDA:1,(anonymous_0)
FNDA:9,(anonymous_1)
FNDA:0,(anonymous_2)
FNDA:0,(anonymous_3)
FNDA:0,(anonymous_4)
FNDA:0,(anonymous_5)
DA:7,1
DA:14,9
DA:23,0
DA:34,0
DA:36,0
DA:49,0
DA:64,0
DA:79,0
DA:88,1
LF:9
LH:3
BRDA:26,0,0,0
BRDA:26,0,1,0
BRF:2
BRH:0
end_of_record
TN:
SF:unit\backend\controllers\mockAuthController.js
FN:6,(anonymous_0)
FN:52,(anonymous_1)
FN:105,(anonymous_2)
FN:147,(anonymous_3)
FNF:4
FNH:4
FNDA:3,(anonymous_0)
FNDA:2,(anonymous_1)
FNDA:2,(anonymous_2)
FNDA:2,(anonymous_3)
DA:5,1
DA:7,3
DA:8,3
DA:10,3
DA:11,0
DA:15,3
DA:17,3
DA:18,1
DA:22,2
DA:24,2
DA:25,1
DA:29,1
DA:36,1
DA:47,0
DA:48,0
DA:53,2
DA:54,2
DA:56,2
DA:57,0
DA:61,2
DA:63,2
DA:64,1
DA:68,1
DA:71,1
DA:82,1
DA:89,1
DA:100,0
DA:101,0
DA:106,2
DA:107,2
DA:109,2
DA:110,0
DA:114,2
DA:121,2
DA:122,1
DA:126,1
DA:127,1
DA:128,0
DA:132,1
DA:142,0
DA:143,0
DA:148,2
DA:149,2
DA:151,2
DA:152,0
DA:156,2
DA:163,2
DA:164,1
DA:168,1
DA:169,1
DA:170,0
DA:174,1
DA:177,1
DA:188,1
DA:195,1
DA:206,0
DA:207,0
DA:212,1
LF:58
LH:44
BRDA:10,0,0,0
BRDA:10,0,1,3
BRDA:10,1,0,3
BRDA:10,1,1,3
BRDA:17,2,0,1
BRDA:17,2,1,2
BRDA:24,3,0,1
BRDA:24,3,1,1
BRDA:56,4,0,0
BRDA:56,4,1,2
BRDA:56,5,0,2
BRDA:56,5,1,2
BRDA:56,5,2,2
BRDA:56,5,3,2
BRDA:63,6,0,1
BRDA:63,6,1,1
BRDA:109,7,0,0
BRDA:109,7,1,2
BRDA:121,8,0,1
BRDA:121,8,1,1
BRDA:127,9,0,0
BRDA:127,9,1,1
BRDA:151,10,0,0
BRDA:151,10,1,2
BRDA:151,11,0,2
BRDA:151,11,1,2
BRDA:163,12,0,1
BRDA:163,12,1,1
BRDA:169,13,0,0
BRDA:169,13,1,1
BRDA:179,14,0,1
BRDA:179,14,1,0
BRDA:180,15,0,1
BRDA:180,15,1,0
BRF:34
BRH:26
end_of_record
TN:
SF:unit\backend\models\mockSequelize.js
FNF:0
FNH:0
DA:6,1
DA:9,1
DA:21,1
DA:38,1
DA:39,1
DA:40,1
DA:41,1
DA:42,1
DA:45,1
DA:65,1
DA:66,1
DA:67,1
DA:68,1
DA:69,1
DA:70,1
DA:71,1
DA:74,1
DA:88,1
DA:102,1
DA:115,1
DA:127,1
DA:140,1
DA:153,1
DA:154,1
DA:156,1
DA:157,1
DA:159,1
DA:160,1
DA:163,1
DA:164,1
DA:167,1
LF:31
LH:31
BRF:0
BRH:0
end_of_record
TN:
SF:unit\backend\services\mockEmailService.js
FN:38,(anonymous_0)
FN:83,(anonymous_1)
FN:116,(anonymous_2)
FN:160,(anonymous_3)
FNF:4
FNH:4
FNDA:5,(anonymous_0)
FNDA:2,(anonymous_1)
FNDA:2,(anonymous_2)
FNDA:2,(anonymous_3)
DA:5,1
DA:8,1
DA:23,1
DA:28,1
DA:39,5
DA:40,5
DA:42,5
DA:43,1
DA:46,4
DA:47,0
DA:50,4
DA:51,0
DA:54,4
DA:62,4
DA:64,4
DA:70,1
DA:71,1
DA:84,2
DA:85,2
DA:86,1
DA:89,1
DA:90,1
DA:91,1
DA:93,1
DA:100,1
DA:101,1
DA:117,2
DA:118,2
DA:120,2
DA:121,1
DA:124,1
DA:125,0
DA:128,1
DA:129,0
DA:132,1
DA:133,1
DA:134,1
DA:136,1
DA:143,1
DA:144,1
DA:161,2
DA:162,2
DA:164,2
DA:165,1
DA:168,1
DA:169,0
DA:172,1
DA:173,0
DA:176,1
DA:177,1
DA:178,1
DA:180,1
DA:187,1
DA:188,1
DA:196,1
LF:55
LH:49
BRDA:42,0,0,1
BRDA:42,0,1,4
BRDA:46,1,0,0
BRDA:46,1,1,4
BRDA:50,2,0,0
BRDA:50,2,1,4
BRDA:50,3,0,4
BRDA:50,3,1,0
BRDA:55,4,0,4
BRDA:55,4,1,4
BRDA:85,5,0,1
BRDA:85,5,1,1
BRDA:85,6,0,2
BRDA:85,6,1,2
BRDA:90,7,0,1
BRDA:90,7,1,0
BRDA:91,8,0,1
BRDA:91,8,1,0
BRDA:120,9,0,1
BRDA:120,9,1,1
BRDA:124,10,0,0
BRDA:124,10,1,1
BRDA:128,11,0,0
BRDA:128,11,1,1
BRDA:164,12,0,1
BRDA:164,12,1,1
BRDA:168,13,0,0
BRDA:168,13,1,1
BRDA:172,14,0,0
BRDA:172,14,1,1
BRDA:177,15,0,1
BRDA:177,15,1,0
BRDA:178,16,0,1
BRDA:178,16,1,0
BRF:34
BRH:23
end_of_record
TN:
SF:utils\helpers.js
FN:10,(anonymous_0)
FN:23,(anonymous_1)
FN:33,(anonymous_2)
FN:42,(anonymous_3)
FN:42,(anonymous_4)
FN:49,(anonymous_5)
FN:75,(anonymous_6)
FNF:7
FNH:2
FNDA:0,(anonymous_0)
FNDA:0,(anonymous_1)
FNDA:0,(anonymous_2)
FNDA:0,(anonymous_3)
FNDA:0,(anonymous_4)
FNDA:27,(anonymous_5)
FNDA:27,(anonymous_6)
DA:10,3
DA:11,0
DA:12,0
DA:13,0
DA:14,0
DA:16,0
DA:23,3
DA:24,0
DA:33,3
DA:34,0
DA:42,3
DA:49,3
DA:51,27
DA:52,27
DA:53,27
DA:55,27
DA:75,3
DA:76,27
DA:77,27
DA:78,27
DA:79,27
DA:80,27
DA:81,27
DA:82,27
DA:83,27
DA:86,3
LF:26
LH:19
BRDA:10,0,0,0
BRDA:33,1,0,0
BRDA:33,2,0,0
BRDA:49,3,0,4
BRDA:51,4,0,27
BRDA:51,4,1,18
BRDA:52,5,0,27
BRDA:52,5,1,18
BRDA:53,6,0,27
BRDA:53,6,1,18
BRDA:56,7,0,27
BRDA:56,7,1,16
BRDA:57,8,0,27
BRDA:57,8,1,15
BRDA:58,9,0,27
BRDA:58,9,1,25
BRDA:59,10,0,27
BRDA:59,10,1,27
BRDA:60,11,0,27
BRDA:60,11,1,27
BRDA:61,12,0,27
BRDA:61,12,1,21
BRF:22
BRH:19
end_of_record
